app/build/outputs/logs/manifest-merger-debug-report.txt
-- Merging decision tree log ---
manifest
ADDED from src\main\AndroidManifest.xml:2:1-242:12
	package
		ADDED from src\main\AndroidManifest.xml:3:5-30
		INJECTED from src\main\AndroidManifest.xml
		INJECTED from src\main\AndroidManifest.xml
	android:versionName
		ADDED from src\main\AndroidManifest.xml:5:5-30
		INJECTED from src\main\AndroidManifest.xml
		INJECTED from src\main\AndroidManifest.xml
	android:versionCode
		ADDED from src\main\AndroidManifest.xml:4:5-28
		INJECTED from src\main\AndroidManifest.xml
		INJECTED from src\main\AndroidManifest.xml
	xmlns:android
		ADDED from src\main\AndroidManifest.xml:2:11-69
uses-sdk
ADDED from src\main\AndroidManifest.xml:7:5-9:41
MERGED from [com.android.support:appcompat-v7:23.1.0] AndroidManifest.xml:20:5-43
MERGED from [com.android.support:support-v4:23.1.0] AndroidManifest.xml:20:5-43
	android:targetSdkVersion
		ADDED from src\main\AndroidManifest.xml:9:9-38
		INJECTED from src\main\AndroidManifest.xml
		INJECTED from src\main\AndroidManifest.xml
	android:minSdkVersion
		ADDED from src\main\AndroidManifest.xml:8:9-35
		INJECTED from src\main\AndroidManifest.xml
		INJECTED from src\main\AndroidManifest.xml
application
ADDED from src\main\AndroidManifest.xml:11:5-198:19
MERGED from [com.android.support:appcompat-v7:23.1.0] AndroidManifest.xml:22:5-20
MERGED from [com.android.support:support-v4:23.1.0] AndroidManifest.xml:22:5-20
	android:label
		ADDED from src\main\AndroidManifest.xml:15:9-41
	android:allowBackup
		ADDED from src\main\AndroidManifest.xml:13:9-35
	android:icon
		ADDED from src\main\AndroidManifest.xml:14:9-42
	android:theme
		ADDED from src\main\AndroidManifest.xml:16:9-40
	android:name
		ADDED from src\main\AndroidManifest.xml:12:9-28
meta-data#apu_CHANNEL
ADDED from src\main\AndroidManifest.xml:19:9-22:21
	android:value
		ADDED from src\main\AndroidManifest.xml:21:13-41
	android:name
		ADDED from src\main\AndroidManifest.xml:20:13-39
activity#com.uphealth.cn.ui.login.LoadActivity
ADDED from src\main\AndroidManifest.xml:24:9-34:20
	android:label
		ADDED from src\main\AndroidManifest.xml:26:13-45
	android:windowSoftInputMode
		ADDED from src\main\AndroidManifest.xml:27:13-52
	android:name
		ADDED from src\main\AndroidManifest.xml:25:13-65
intent-filter#android.intent.action.MAIN+android.intent.category.LAUNCHER
ADDED from src\main\AndroidManifest.xml:29:13-33:29
action#android.intent.action.MAIN
ADDED from src\main\AndroidManifest.xml:30:17-69
	android:name
		ADDED from src\main\AndroidManifest.xml:30:25-66
category#android.intent.category.LAUNCHER
ADDED from src\main\AndroidManifest.xml:32:17-77
	android:name
		ADDED from src\main\AndroidManifest.xml:32:27-74
service#com.download.DownloadService
ADDED from src\main\AndroidManifest.xml:37:9-63
	android:name
		ADDED from src\main\AndroidManifest.xml:37:18-61
activity#com.uphealth.cn.ui.login.home.MainActivity
ADDED from src\main\AndroidManifest.xml:39:9-41:25
	android:launchMode
		ADDED from src\main\AndroidManifest.xml:40:19-50
	android:name
		ADDED from src\main\AndroidManifest.xml:39:19-76
activity#com.uphealth.cn.ui.login.PhoneBandActivity
ADDED from src\main\AndroidManifest.xml:43:9-44:70
	android:windowSoftInputMode
		ADDED from src\main\AndroidManifest.xml:44:19-58
	android:name
		ADDED from src\main\AndroidManifest.xml:43:19-76
activity#com.uphealth.cn.ui.login.PersonActivity
ADDED from src\main\AndroidManifest.xml:45:9-48:81
	android:launchMode
		ADDED from src\main\AndroidManifest.xml:47:19-48
	android:windowSoftInputMode
		ADDED from src\main\AndroidManifest.xml:46:19-78
	android:configChanges
		ADDED from src\main\AndroidManifest.xml:48:19-69
	android:name
		ADDED from src\main\AndroidManifest.xml:45:19-73
activity#com.uphealth.cn.ui.login.HealthInfoSetting
ADDED from src\main\AndroidManifest.xml:49:9-51:81
	android:windowSoftInputMode
		ADDED from src\main\AndroidManifest.xml:50:19-78
	android:configChanges
		ADDED from src\main\AndroidManifest.xml:51:19-69
	android:name
		ADDED from src\main\AndroidManifest.xml:49:19-76
activity#com.uphealth.cn.ui.login.TestBodyActivity
ADDED from src\main\AndroidManifest.xml:52:9-87
	android:name
		ADDED from src\main\AndroidManifest.xml:52:19-75
activity#com.uphealth.cn.ui.login.TestBankActivity
ADDED from src\main\AndroidManifest.xml:53:9-87
	android:name
		ADDED from src\main\AndroidManifest.xml:53:19-75
activity#com.uphealth.cn.ui.login.LoginActivity
ADDED from src\main\AndroidManifest.xml:55:9-84
	android:name
		ADDED from src\main\AndroidManifest.xml:55:19-72
activity#com.uphealth.cn.ui.login.center.ActivitySetting
ADDED from src\main\AndroidManifest.xml:56:9-93
	android:name
		ADDED from src\main\AndroidManifest.xml:56:19-81
activity#com.uphealth.cn.ui.login.center.MyInfoActivity
ADDED from src\main\AndroidManifest.xml:57:9-92
	android:name
		ADDED from src\main\AndroidManifest.xml:57:19-80
activity#com.uphealth.cn.ui.login.center.MyCollectActivity
ADDED from src\main\AndroidManifest.xml:58:9-95
	android:name
		ADDED from src\main\AndroidManifest.xml:58:19-83
activity#com.uphealth.cn.ui.login.center.AccountBindActivity
ADDED from src\main\AndroidManifest.xml:59:9-97
	android:name
		ADDED from src\main\AndroidManifest.xml:59:19-85
activity#com.uphealth.cn.ui.login.center.HealthActivity
ADDED from src\main\AndroidManifest.xml:60:9-92
	android:name
		ADDED from src\main\AndroidManifest.xml:60:19-80
activity#com.uphealth.cn.ui.login.center.MsgPushActivity
ADDED from src\main\AndroidManifest.xml:61:9-93
	android:name
		ADDED from src\main\AndroidManifest.xml:61:19-81
activity#com.uphealth.cn.ui.login.center.ClearChcheActivity
ADDED from src\main\AndroidManifest.xml:62:9-96
	android:name
		ADDED from src\main\AndroidManifest.xml:62:19-84
activity#com.uphealth.cn.ui.login.center.OpinionActivity
ADDED from src\main\AndroidManifest.xml:63:9-93
	android:name
		ADDED from src\main\AndroidManifest.xml:63:19-81
activity#com.uphealth.cn.ui.login.center.AboutUsActivity
ADDED from src\main\AndroidManifest.xml:64:9-93
	android:name
		ADDED from src\main\AndroidManifest.xml:64:19-81
activity#com.uphealth.cn.ui.login.MyHealthRecordActivity
ADDED from src\main\AndroidManifest.xml:65:9-93
	android:name
		ADDED from src\main\AndroidManifest.xml:65:19-81
activity#com.uphealth.cn.ui.login.YourPhysiqueActivity
ADDED from src\main\AndroidManifest.xml:66:9-91
	android:name
		ADDED from src\main\AndroidManifest.xml:66:19-79
activity#com.uphealth.cn.ui.login.health.WeightActivity
ADDED from src\main\AndroidManifest.xml:67:9-92
	android:name
		ADDED from src\main\AndroidManifest.xml:67:19-80
activity#com.uphealth.cn.ui.login.health.HealthAskActivity
ADDED from src\main\AndroidManifest.xml:68:9-95
	android:name
		ADDED from src\main\AndroidManifest.xml:68:19-83
activity#com.uphealth.cn.ui.login.health.ChatActivity
ADDED from src\main\AndroidManifest.xml:69:9-90
	android:name
		ADDED from src\main\AndroidManifest.xml:69:19-78
activity#com.uphealth.cn.ui.login.health.CommentActivity
ADDED from src\main\AndroidManifest.xml:70:9-93
	android:name
		ADDED from src\main\AndroidManifest.xml:70:19-81
activity#com.uphealth.cn.ui.login.eat.HealthEatActivity
ADDED from src\main\AndroidManifest.xml:71:9-92
	android:name
		ADDED from src\main\AndroidManifest.xml:71:19-80
activity#com.uphealth.cn.ui.login.home.MainTwoActivity
ADDED from src\main\AndroidManifest.xml:72:9-91
	android:name
		ADDED from src\main\AndroidManifest.xml:72:19-79
activity#com.uphealth.cn.ui.login.eat.HateFoodActivity
ADDED from src\main\AndroidManifest.xml:73:9-91
	android:name
		ADDED from src\main\AndroidManifest.xml:73:19-79
activity#com.uphealth.cn.ui.login.eat.PhotoThumbActivity
ADDED from src\main\AndroidManifest.xml:74:9-76:81
	android:windowSoftInputMode
		ADDED from src\main\AndroidManifest.xml:75:19-78
	android:configChanges
		ADDED from src\main\AndroidManifest.xml:76:19-69
	android:name
		ADDED from src\main\AndroidManifest.xml:74:19-81
activity#com.uphealth.cn.ui.login.eat.MyAddressActivity
ADDED from src\main\AndroidManifest.xml:77:9-92
	android:name
		ADDED from src\main\AndroidManifest.xml:77:19-80
activity#com.uphealth.cn.ui.login.eat.FoodDetaisActivity
ADDED from src\main\AndroidManifest.xml:78:9-93
	android:name
		ADDED from src\main\AndroidManifest.xml:78:19-81
activity#com.uphealth.cn.ui.login.eat.UpFoodMenuActivity
ADDED from src\main\AndroidManifest.xml:79:9-93
	android:name
		ADDED from src\main\AndroidManifest.xml:79:19-81
activity#com.uphealth.cn.ui.login.fragment.HtmlActivity
ADDED from src\main\AndroidManifest.xml:80:9-92
	android:name
		ADDED from src\main\AndroidManifest.xml:80:19-80
activity#com.uphealth.cn.ui.login.fragment.HtmlNoTitleActivity
ADDED from src\main\AndroidManifest.xml:81:9-99
	android:name
		ADDED from src\main\AndroidManifest.xml:81:19-87
activity#com.uphealth.cn.ui.login.home.HotActivity
ADDED from src\main\AndroidManifest.xml:82:9-87
	android:name
		ADDED from src\main\AndroidManifest.xml:82:19-75
activity#com.uphealth.cn.ui.login.home.PersonalActivity
ADDED from src\main\AndroidManifest.xml:83:9-92
	android:name
		ADDED from src\main\AndroidManifest.xml:83:19-80
activity#com.uphealth.cn.ui.login.TestTActivity
ADDED from src\main\AndroidManifest.xml:84:9-84
	android:name
		ADDED from src\main\AndroidManifest.xml:84:19-72
activity#com.uphealth.cn.ui.login.eat.BreakfastRankingActivity
ADDED from src\main\AndroidManifest.xml:85:9-99
	android:name
		ADDED from src\main\AndroidManifest.xml:85:19-87
activity#com.uphealth.cn.ui.login.tinyvideo.TinyVideoActivity
ADDED from src\main\AndroidManifest.xml:86:9-98
	android:name
		ADDED from src\main\AndroidManifest.xml:86:19-86
activity#com.uphealth.cn.ui.login.center.HelpAndOpinionActivity
ADDED from src\main\AndroidManifest.xml:87:9-100
	android:name
		ADDED from src\main\AndroidManifest.xml:87:19-88
activity#com.uphealth.cn.ui.login.photos.PhotosActivity
ADDED from src\main\AndroidManifest.xml:88:9-92
	android:name
		ADDED from src\main\AndroidManifest.xml:88:19-80
activity#com.uphealth.cn.ui.login.photos.ImageGridActivity
ADDED from src\main\AndroidManifest.xml:89:9-95
	android:name
		ADDED from src\main\AndroidManifest.xml:89:19-83
activity#com.uphealth.cn.ui.login.video.VideoActivity
ADDED from src\main\AndroidManifest.xml:90:9-90
	android:name
		ADDED from src\main\AndroidManifest.xml:90:19-78
activity#com.uphealth.cn.ui.login.video.VideoNewActivity
ADDED from src\main\AndroidManifest.xml:91:9-92:80
	android:launchMode
		ADDED from src\main\AndroidManifest.xml:92:33-68
	android:name
		ADDED from src\main\AndroidManifest.xml:91:19-81
activity#com.uphealth.cn.ui.login.video.VideoBeforeActivity
ADDED from src\main\AndroidManifest.xml:93:8-94:65
	android:launchMode
		ADDED from src\main\AndroidManifest.xml:94:18-53
	android:name
		ADDED from src\main\AndroidManifest.xml:93:18-83
activity#com.uphealth.cn.ui.login.ProvinceActivity
ADDED from src\main\AndroidManifest.xml:95:9-87
	android:name
		ADDED from src\main\AndroidManifest.xml:95:19-75
activity#com.uphealth.cn.ui.login.CityActivity
ADDED from src\main\AndroidManifest.xml:96:9-83
	android:name
		ADDED from src\main\AndroidManifest.xml:96:19-71
activity#com.uphealth.cn.ui.login.center.mod.NickNameActivity
ADDED from src\main\AndroidManifest.xml:97:9-98
	android:name
		ADDED from src\main\AndroidManifest.xml:97:19-86
activity#com.uphealth.cn.ui.login.center.ServiceActivity
ADDED from src\main\AndroidManifest.xml:98:9-93
	android:name
		ADDED from src\main\AndroidManifest.xml:98:19-81
activity#com.uphealth.cn.ui.login.skin.SkinMoreActivity
ADDED from src\main\AndroidManifest.xml:100:9-92
	android:name
		ADDED from src\main\AndroidManifest.xml:100:19-80
activity#com.uphealth.cn.ui.login.skin.SkinBeforeActivity
ADDED from src\main\AndroidManifest.xml:101:9-94
	android:name
		ADDED from src\main\AndroidManifest.xml:101:19-82
activity#com.uphealth.cn.ui.login.home.HealthAskActivity
ADDED from src\main\AndroidManifest.xml:102:9-105:81
	android:launchMode
		ADDED from src\main\AndroidManifest.xml:104:19-48
	android:windowSoftInputMode
		ADDED from src\main\AndroidManifest.xml:103:19-78
	android:configChanges
		ADDED from src\main\AndroidManifest.xml:105:19-69
	android:name
		ADDED from src\main\AndroidManifest.xml:102:19-81
activity#com.uphealth.cn.support.base.helper.photo.AlbumActivity
ADDED from src\main\AndroidManifest.xml:108:9-92
	android:name
		ADDED from src\main\AndroidManifest.xml:108:19-89
activity#com.uphealth.cn.support.base.helper.photo.GalleryActivity
ADDED from src\main\AndroidManifest.xml:109:9-94
	android:name
		ADDED from src\main\AndroidManifest.xml:109:19-91
activity#com.uphealth.cn.support.base.helper.photo.ShowAllPhotoActivity
ADDED from src\main\AndroidManifest.xml:110:9-99
	android:name
		ADDED from src\main\AndroidManifest.xml:110:19-96
activity#com.uphealth.cn.support.base.helper.photo.ImageFileActivity
ADDED from src\main\AndroidManifest.xml:111:9-96
	android:name
		ADDED from src\main\AndroidManifest.xml:111:19-93
activity#com.uphealth.cn.ui.login.video.SkinAfterActivity
ADDED from src\main\AndroidManifest.xml:112:9-94
	android:name
		ADDED from src\main\AndroidManifest.xml:112:19-82
activity#com.uphealth.cn.ui.login.sports.SportBefaultActivity
ADDED from src\main\AndroidManifest.xml:113:9-98
	android:name
		ADDED from src\main\AndroidManifest.xml:113:19-86
activity#com.uphealth.cn.ui.login.eat.FoodAddActivity
ADDED from src\main\AndroidManifest.xml:114:9-116:81
	android:windowSoftInputMode
		ADDED from src\main\AndroidManifest.xml:115:19-78
	android:configChanges
		ADDED from src\main\AndroidManifest.xml:116:19-69
	android:name
		ADDED from src\main\AndroidManifest.xml:114:19-78
activity#com.uphealth.cn.ui.login.fragment.find.HottestReplyActivity
ADDED from src\main\AndroidManifest.xml:117:9-105
	android:name
		ADDED from src\main\AndroidManifest.xml:117:19-93
activity#com.uphealth.cn.ui.login.fragment.find.HottestPeopleActivity
ADDED from src\main\AndroidManifest.xml:118:9-106
	android:name
		ADDED from src\main\AndroidManifest.xml:118:19-94
activity#com.uphealth.cn.ui.login.center.AppInstationActivity
ADDED from src\main\AndroidManifest.xml:119:9-98
	android:name
		ADDED from src\main\AndroidManifest.xml:119:19-86
activity#com.uphealth.cn.ui.login.video.VideoNewThreeActivity
ADDED from src\main\AndroidManifest.xml:120:9-98
	android:name
		ADDED from src\main\AndroidManifest.xml:120:19-86
activity#com.tencent.connect.common.AssistActivity
ADDED from src\main\AndroidManifest.xml:123:9-127:75
	android:screenOrientation
		ADDED from src\main\AndroidManifest.xml:126:13-49
	android:configChanges
		ADDED from src\main\AndroidManifest.xml:125:13-63
	android:theme
		ADDED from src\main\AndroidManifest.xml:127:13-72
	android:name
		ADDED from src\main\AndroidManifest.xml:124:13-69
activity#com.tencent.tauth.AuthActivity
ADDED from src\main\AndroidManifest.xml:130:9-142:20
	android:launchMode
		ADDED from src\main\AndroidManifest.xml:132:13-44
	android:noHistory
		ADDED from src\main\AndroidManifest.xml:133:13-37
	android:name
		ADDED from src\main\AndroidManifest.xml:131:13-58
intent-filter#android.intent.action.VIEW+android.intent.category.BROWSABLE+android.intent.category.DEFAULT
ADDED from src\main\AndroidManifest.xml:134:13-141:29
action#android.intent.action.VIEW
ADDED from src\main\AndroidManifest.xml:135:17-69
	android:name
		ADDED from src\main\AndroidManifest.xml:135:25-66
category#android.intent.category.DEFAULT
ADDED from src\main\AndroidManifest.xml:137:17-76
	android:name
		ADDED from src\main\AndroidManifest.xml:137:27-73
category#android.intent.category.BROWSABLE
ADDED from src\main\AndroidManifest.xml:138:17-78
	android:name
		ADDED from src\main\AndroidManifest.xml:138:27-75
data
ADDED from src\main\AndroidManifest.xml:140:17-53
	android:scheme
		ADDED from src\main\AndroidManifest.xml:140:23-50
activity#com.uphealth.cn.wxapi.WXEntryActivity
ADDED from src\main\AndroidManifest.xml:151:9-155:64
	android:launchMode
		ADDED from src\main\AndroidManifest.xml:154:13-44
	android:exported
		ADDED from src\main\AndroidManifest.xml:153:13-36
	android:theme
		ADDED from src\main\AndroidManifest.xml:155:13-61
	android:name
		ADDED from src\main\AndroidManifest.xml:152:13-65
activity#com.sina.weibo.sdk.component.WeiboSdkBrowser
ADDED from src\main\AndroidManifest.xml:158:10-163:20
	android:exported
		ADDED from src\main\AndroidManifest.xml:162:13-37
	android:windowSoftInputMode
		ADDED from src\main\AndroidManifest.xml:161:13-55
	android:configChanges
		ADDED from src\main\AndroidManifest.xml:160:13-63
	android:name
		ADDED from src\main\AndroidManifest.xml:159:13-72
activity#com.uphealth.cn.WBShareActivity
ADDED from src\main\AndroidManifest.xml:166:9-174:20
	android:screenOrientation
		ADDED from src\main\AndroidManifest.xml:169:13-49
	android:configChanges
		ADDED from src\main\AndroidManifest.xml:168:13-63
	android:name
		ADDED from src\main\AndroidManifest.xml:167:13-44
intent-filter#android.intent.category.DEFAULT+com.sina.weibo.sdk.action.ACTION_SDK_REQ_ACTIVITY
ADDED from src\main\AndroidManifest.xml:170:13-173:29
action#com.sina.weibo.sdk.action.ACTION_SDK_REQ_ACTIVITY
ADDED from src\main\AndroidManifest.xml:171:17-92
	android:name
		ADDED from src\main\AndroidManifest.xml:171:25-89
meta-data#UMENG_APPKEY
ADDED from src\main\AndroidManifest.xml:184:9-187:21
	android:value
		ADDED from src\main\AndroidManifest.xml:186:13-53
	android:name
		ADDED from src\main\AndroidManifest.xml:185:13-40
meta-data#UMENG_CHANNEL
ADDED from src\main\AndroidManifest.xml:188:9-191:21
	android:value
		ADDED from src\main\AndroidManifest.xml:190:13-37
	android:name
		ADDED from src\main\AndroidManifest.xml:189:13-41
service#com.sina.weibo.sdk.net.DownloadService
ADDED from src\main\AndroidManifest.xml:193:8-196:19
	android:exported
		ADDED from src\main\AndroidManifest.xml:195:13-37
	android:name
		ADDED from src\main\AndroidManifest.xml:194:13-66
uses-permission#android.permission.ACCESS_NETWORK_STATE
ADDED from src\main\AndroidManifest.xml:200:5-79
	android:name
		ADDED from src\main\AndroidManifest.xml:200:22-76
uses-permission#android.permission.ACCESS_WIFI_STATE
ADDED from src\main\AndroidManifest.xml:201:5-76
	android:name
		ADDED from src\main\AndroidManifest.xml:201:22-73
uses-permission#android.permission.GET_ACCOUNTS
ADDED from src\main\AndroidManifest.xml:202:5-71
	android:name
		ADDED from src\main\AndroidManifest.xml:202:22-68
uses-permission#android.permission.MANAGE_ACCOUNTS
ADDED from src\main\AndroidManifest.xml:203:5-74
	android:name
		ADDED from src\main\AndroidManifest.xml:203:22-71
uses-permission#android.permission.RECORD_AUDIO
ADDED from src\main\AndroidManifest.xml:204:5-71
	android:name
		ADDED from src\main\AndroidManifest.xml:204:22-68
uses-permission#android.permission.WRITE_SETTINGS
ADDED from src\main\AndroidManifest.xml:205:5-73
	android:name
		ADDED from src\main\AndroidManifest.xml:205:22-70
uses-permission#android.permission.CHANGE_CONFIGURATION
ADDED from src\main\AndroidManifest.xml:206:5-79
	android:name
		ADDED from src\main\AndroidManifest.xml:206:22-76
uses-permission#android.permission.VIBRATE
ADDED from src\main\AndroidManifest.xml:207:5-65
	android:name
		ADDED from src\main\AndroidManifest.xml:207:22-63
uses-permission#android.permission.GET_TASKS
ADDED from src\main\AndroidManifest.xml:209:5-68
	android:name
		ADDED from src\main\AndroidManifest.xml:209:22-65
uses-permission#android.permission.SET_DEBUG_APP
ADDED from src\main\AndroidManifest.xml:211:5-72
	android:name
		ADDED from src\main\AndroidManifest.xml:211:22-69
uses-permission#android.permission.SYSTEM_ALERT_WINDOW
ADDED from src\main\AndroidManifest.xml:212:5-78
	android:name
		ADDED from src\main\AndroidManifest.xml:212:22-75
uses-permission#android.permission.USE_CREDENTIALS
ADDED from src\main\AndroidManifest.xml:213:5-74
	android:name
		ADDED from src\main\AndroidManifest.xml:213:22-71
uses-permission#android.permission.ACCESS_COARSE_LOCATION
ADDED from src\main\AndroidManifest.xml:217:2-94
	android:name
		ADDED from src\main\AndroidManifest.xml:217:19-75
uses-permission#android.permission.ACCESS_FINE_LOCATION
ADDED from src\main\AndroidManifest.xml:219:2-92
	android:name
		ADDED from src\main\AndroidManifest.xml:219:19-73
uses-permission#android.permission.CHANGE_WIFI_STATE
ADDED from src\main\AndroidManifest.xml:221:2-89
	android:name
		ADDED from src\main\AndroidManifest.xml:221:19-70
uses-permission#android.permission.READ_PHONE_STATE
ADDED from src\main\AndroidManifest.xml:223:2-88
	android:name
		ADDED from src\main\AndroidManifest.xml:223:19-69
uses-permission#android.permission.WRITE_EXTERNAL_STORAGE
ADDED from src\main\AndroidManifest.xml:225:2-94
	android:name
		ADDED from src\main\AndroidManifest.xml:225:19-75
uses-permission#android.permission.INTERNET
ADDED from src\main\AndroidManifest.xml:227:2-64
	android:name
		ADDED from src\main\AndroidManifest.xml:227:19-61
uses-permission#android.permission.MOUNT_UNMOUNT_FILESYSTEMS
ADDED from src\main\AndroidManifest.xml:229:2-97
	android:name
		ADDED from src\main\AndroidManifest.xml:229:19-78
uses-permission#android.permission.READ_LOGS
ADDED from src\main\AndroidManifest.xml:231:2-81
	android:name
		ADDED from src\main\AndroidManifest.xml:231:19-62
uses-permission#android.permission.CALL_PHONE
ADDED from src\main\AndroidManifest.xml:232:2-65
	android:name
		ADDED from src\main\AndroidManifest.xml:232:19-63
uses-permission#android.permission.READ_EXTERNAL_STORAGE
ADDED from src\main\AndroidManifest.xml:233:2-76
	android:name
		ADDED from src\main\AndroidManifest.xml:233:19-74
uses-permission#android.permission.CAMERA
ADDED from src\main\AndroidManifest.xml:234:2-62
	android:name
		ADDED from src\main\AndroidManifest.xml:234:19-59
uses-feature#android.hardware.camera.flash
ADDED from src\main\AndroidManifest.xml:235:5-66
	android:name
		ADDED from src\main\AndroidManifest.xml:235:19-63
uses-feature#android.hardware.camera
ADDED from src\main\AndroidManifest.xml:236:5-60
	android:name
		ADDED from src\main\AndroidManifest.xml:236:19-57
uses-feature#android.hardware.camera.autofocus
ADDED from src\main\AndroidManifest.xml:237:5-70
	android:name
		ADDED from src\main\AndroidManifest.xml:237:19-67
uses-permission#android.permission.WAKE_LOCK
ADDED from src\main\AndroidManifest.xml:238:5-67
	android:name
		ADDED from src\main\AndroidManifest.xml:238:22-65